<?xml version="1.0" encoding="UTF-8"?>
<!-- Generated by org.testng.reporters.JUnitReportReporter -->
<testsuite hostname="DESKTOP-3T0R0CM" failures="0" tests="6" name="Testfb.TestNG_2" time="82.430" errors="0" timestamp="2022-09-21T14:47:45 IST" skipped="0">
  <testcase classname="Testfb.TestNG_2" name="devloperLogIn" time="16.487"/>
  <system-out/>
  <testcase classname="Testfb.TestNG_2" name="devloperLogIn" time="20.647"/>
  <system-out/>
  <testcase classname="Testfb.TestNG_2" name="signUpButton" time="20.641"/>
  <system-out/>
  <testcase classname="Testfb.TestNG_2" name="signUpButton" time="9.001"/>
  <system-out/>
  <testcase classname="Testfb.TestNG_2" name="devloperLogIn" time="9.670"/>
  <system-out/>
  <testcase classname="Testfb.TestNG_2" name="signUpButton" time="5.984"/>
  <system-out/>
</testsuite> <!-- Testfb.TestNG_2 -->
