<?xml version="1.0" encoding="UTF-8"?>
<!-- Generated by org.testng.reporters.JUnitReportReporter -->
<testsuite hostname="DESKTOP-3T0R0CM" failures="0" tests="2" name="Testfb.TestNG_2" time="21.785" errors="0" timestamp="2022-10-22T21:38:35 IST" skipped="0">
  <testcase classname="Testfb.TestNG_2" name="signUpButton" time="6.974"/>
  <system-out/>
  <testcase classname="Testfb.TestNG_2" name="devloperLogIn" time="14.811"/>
  <system-out/>
</testsuite> <!-- Testfb.TestNG_2 -->
